<?xml version="1.0" encoding="UTF-8"?>
<!-- Generated by org.testng.reporters.JUnitReportReporter -->
<testsuite skipped="0" hostname="DESKTOP-BGQA5V0" name="testCases.Loginapplication" tests="1" failures="0" timestamp="2020-04-27T12:39:44 IST" time="43.016" errors="0">
  <testcase name="login" time="43.016" classname="testCases.Loginapplication"/>
</testsuite> <!-- testCases.Loginapplication -->
